PLINK v1.90b7.2 64-bit (11 Dec 2023)
Options in effect:
  --bfile C:/Users/Miguel/Documents/UNIVERSIDAD/6 MASTER BIOINFORMATICA/TFM/Repositorio/TFM/results/plink_data/binary/raw/GSE33528
  --freq

Hostname: DESKTOP-RM72EL3
Working directory: C:\Users\Miguel\Documents\UNIVERSIDAD\6 MASTER BIOINFORMATICA\TFM\Repositorio\TFM
Start time: Sun Apr 28 18:16:09 2024

Random number seed: 1714320969
16334 MB RAM detected; reserving 8167 MB for main workspace.
662841 variants loaded from .bim file.
1215 people (392 males, 823 females) loaded from .fam.
1175 phenotype values loaded from .fam.
Using 1 thread (no multithreaded calculations invoked).
Before main variant filters, 1215 founders and 0 nonfounders present.
Calculating allele frequencies... done.
Warning: 59407 het. haploid genotypes present (see plink.hh ); many commands
treat these as missing.
Warning: Nonmissing nonmale Y chromosome genotype(s) present; many commands
treat these as missing.
Total genotyping rate is 0.991959.
--freq: Allele frequencies (founders only) written to plink.frq .

End time: Sun Apr 28 18:16:10 2024
